lru_profile 13 23
I scrunching
I scrunching
I scrunching
I scrunching
I scrunching
I scrunching
I scrunching
I dipis
I scuttling
I scrunching
I mayerling
I suspence
I scrunching
I scrunching
I scrunching
I wrightman
I scrunching
I scrunching
I smashingly
I rembrendt
I suspence
I clamber
I scrunching
I bartely
I rembrendt
I foisting
I scrunching
I scrunching
I scrunching
I scrunching
I baylock
I scrunching
I scrunching
I scrunching
I confrontations
I scrunching
I scrunching
I confrontations
E dipis
I anti
I scrunching
I scrunching
E scuttling
I dipis
E mayerling
I paragraphs
E wrightman
I burps
I scrunching
I suspence
I scrunching
I scrunching
E smashingly
I grusome
I scrunching
E clamber
I athelstone
E bartely
I smashingly
I scrunching
E rembrendt
I presented
I scrunching
E foisting
I scuttling
I scrunching
E baylock
I wrightman
I presented
I burps
I scrunching
I scrunching
I burps
I smashingly
I scrunching
E confrontations
I mayerling
E anti
I repositions
E dipis
I unendowed
E paragraphs
I bief
I scrunching
I repositions
I scuttling
I scrunching
E suspence
I burnoff
I bief
I scrunching
E grusome
I flaminco
I scrunching
I mayerling
E athelstone
I paragraphs
E wrightman
I foisting
I scrunching
I foisting
I repositions
E presented
I grusome
I scrunching
E burps
I athelstone
I scrunching
E smashingly
I clamber
I scrunching
I scrunching
I paragraphs
I scrunching
I scrunching
I scrunching
E unendowed
I presented
I scrunching
E scuttling
I wrightman
I scrunching
I scrunching
E burnoff
I confrontations
I scrunching
E bief
I dipis
I scrunching
E flaminco
I suspence
I scrunching
I dipis
I scrunching
I scrunching
I scrunching
I scrunching
I scrunching
I scrunching
I scrunching
E mayerling
I scuttling
I scuttling
I scrunching
E foisting
I anti
I scrunching
E repositions
I bief
E grusome
I flaminco
I scrunching
E athelstone
I grusome
E clamber
I burps
I scrunching
E paragraphs
I smashingly
I scrunching
I scrunching
I smashingly
I scrunching
I scrunching
I scrunching
I scrunching
I burps
E presented
I rembrendt
I flaminco
I scrunching
I scrunching
E wrightman
I nandani
I scrunching
I scrunching
I scrunching
E confrontations
I foisting
I scrunching
E suspence
I athelstone
I scrunching
I scrunching
E dipis
I clamber
E scuttling
I suspence
I scrunching
I scrunching
I anti
I scrunching
E bief
I dipis
E grusome
I meital
I foisting
